Compiling 27 files with 0.8.25
Solc 0.8.25 finished in 3.17s
Compiler run successful!
Analysing contracts...
Running tests...

Ran 1 test for script/MultiSigWallet.s.sol:MultiSigWalletScript
[PASS] testA() (gas: 122)
Suite result: ok. 1 passed; 0 failed; 0 skipped; finished in 7.57ms (1.08ms CPU time)

Ran 27 tests for test/MultiSigWallet.t.sol:MultiSigWalletTest
[PASS] testCannotConfirmTransactionTwice() (gas: 162677)
[PASS] testCannotExecuteWithoutEnoughConfirmations() (gas: 163805)
[PASS] testConfirmNonExistentTransaction() (gas: 14308)
[PASS] testConfirmTransaction() (gas: 166652)
[PASS] testConfirmTransactionFailsNonExistentTx() (gas: 14373)
[PASS] testConstructor() (gas: 28264)
[PASS] testConstructorAssignsAddresses() (gas: 1452044)
[PASS] testConstructorAssignsAddresses2() (gas: 1441628)
[PASS] testConstructorFail() (gas: 62842)
[PASS] testConstructorFailsWithDuplicateOwners() (gas: 109204)
[PASS] testConstructorFailsWithEmptyAddresses() (gas: 60740)
[PASS] testEmitEventOnRevokeTransaction() (gas: 147508)
[PASS] testEmitEventOnSubmitTransaction() (gas: 132936)
[PASS] testExecuteTransactionFailsTxCall() (gas: 228578)
[PASS] testExecuteTransactionFailsTxCallDead() (gas: 248492)
[PASS] testGetTransaction() (gas: 136683)
[PASS] testGetTransactionsCount() (gas: 161328)
[PASS] testOnlyOwnerCanConfirmTransaction() (gas: 134374)
[PASS] testOnlyOwnerCanSubmitTransaction() (gas: 12490)
[PASS] testOnlyOwnerCannotExecuteTransaction() (gas: 194603)
[PASS] testOnlyOwnerCannotSubmitTransaction() (gas: 134626)
[PASS] testRevokeTransactionFailsIfNotConfirmed() (gas: 137419)
[PASS] testRevokeTransactionSuccess() (gas: 152284)
[PASS] testSubmitTransaction() (gas: 136400)
[PASS] testTransactionConfirmationStates() (gas: 203134)
[PASS] testTxExistsModifier() (gas: 132475)
[PASS] testTxNotExecuted() (gas: 248745)
Suite result: ok. 27 passed; 0 failed; 0 skipped; finished in 12.15ms (15.36ms CPU time)

Ran 2 test suites in 63.12ms (19.72ms CPU time): 28 tests passed, 0 failed, 0 skipped (28 total tests)
Uncovered for src/MultiSigWallet.sol:
- Branch (branch: 1, path: 0) (location: source ID 25, line 32, chars 1069-1129, hits: 0)
- Line (location: source ID 25, line 49, chars 1565-1588, hits: 0)
- Statement (location: source ID 25, line 49, chars 1565-1588, hits: 0)
- Branch (branch: 6, path: 0) (location: source ID 25, line 75, chars 2484-2531, hits: 0)
- Branch (branch: 7, path: 0) (location: source ID 25, line 76, chars 2542-2609, hits: 0)
- Branch (branch: 8, path: 0) (location: source ID 25, line 86, chars 2960-3059, hits: 0)

Anchors for Contract "MultiSigWalletScript" (solc 0.8.25+commit.b61c2a91.Linux.gcc, source ID 24):

Anchors for Contract "MockERC721" (solc 0.8.25+commit.b61c2a91.Linux.gcc, source ID 22):

Anchors for Contract "MultiSigWallet" (solc 0.8.25+commit.b61c2a91.Linux.gcc, source ID 25):
- IC 55 -> Item 22
- Runtime code
  - Refers to item: Statement (location: source ID 25, line 47, chars 1500-1552, hits: 32)
- IC 64 -> Item 23
- Runtime code
  - Refers to item: Branch (branch: 4, path: 0) (location: source ID 25, line 47, chars 1500-1552, hits: 2)
- IC 123 -> Item 27
- Runtime code
  - Refers to item: Line (location: source ID 25, line 51, chars 1605-1615, hits: 30)
- IC 302 -> Item 36
- Runtime code
  - Refers to item: Statement (location: source ID 25, line 54, chars 1728-1757, hits: 118)
- IC 243 -> Item 33
- Runtime code
  - Refers to item: Branch (branch: 5, path: 0) (location: source ID 25, line 52, chars 1659-1711, hits: 1)
- IC 333 -> Item 37
- Runtime code
  - Refers to item: Line (location: source ID 25, line 55, chars 1772-1793, hits: 118)
- IC 135 -> Item 31
- Runtime code
  - Refers to item: Line (location: source ID 25, line 52, chars 1659-1711, hits: 119)
- IC 126 -> Item 29
- Runtime code
  - Refers to item: Statement (location: source ID 25, line 51, chars 1617-1638, hits: 148)
- IC 122 -> Item 24
- Runtime code
  - Refers to item: Branch (branch: 4, path: 1) (location: source ID 25, line 47, chars 1500-1552, hits: 30)
- IC 55 -> Item 21
- Runtime code
  - Refers to item: Line (location: source ID 25, line 47, chars 1500-1552, hits: 32)
- IC 135 -> Item 32
- Runtime code
  - Refers to item: Statement (location: source ID 25, line 52, chars 1659-1711, hits: 119)
- IC 302 -> Item 35
- Runtime code
  - Refers to item: Line (location: source ID 25, line 54, chars 1728-1757, hits: 118)
- IC 421 -> Item 30
- Runtime code
  - Refers to item: Statement (location: source ID 25, line 51, chars 1640-1643, hits: 118)
- IC 301 -> Item 34
- Runtime code
  - Refers to item: Branch (branch: 5, path: 1) (location: source ID 25, line 52, chars 1659-1711, hits: 118)
- IC 9 -> Item 20
- Runtime code
  - Refers to item: Function "" (location: source ID 25, line 46, chars 1449-1812, hits: 32)
- IC 123 -> Item 28
- Runtime code
  - Refers to item: Statement (location: source ID 25, line 51, chars 1605-1615, hits: 30)
- IC 333 -> Item 38
- Runtime code
  - Refers to item: Statement (location: source ID 25, line 55, chars 1772-1793, hits: 118)
- IC 3606 -> Item 62
- Creation code
  - Refers to item: Statement (location: source ID 25, line 81, chars 2719-2764, hits: 16)
- IC 2204 -> Item 92
- Creation code
  - Refers to item: Line (location: source ID 25, line 101, chars 3643-3687, hits: 2)
- IC 699 -> Item 2
- Creation code
  - Refers to item: Statement (location: source ID 25, line 27, chars 957-998, hits: 20)
- IC 2474 -> Item 95
- Creation code
  - Refers to item: Line (location: source ID 25, line 105, chars 3772-3785, hits: 1)
- IC 1876 -> Item 83
- Creation code
  - Refers to item: Statement (location: source ID 25, line 96, chars 3405-3461, hits: 3)
- IC 3768 -> Item 3
- Creation code
  - Refers to item: Branch (branch: 0, path: 0) (location: source ID 25, line 27, chars 957-998, hits: 1)
- IC 3315 -> Item 54
- Creation code
  - Refers to item: Statement (location: source ID 25, line 76, chars 2542-2609, hits: 16)
- IC 3139 -> Item 49
- Creation code
  - Refers to item: Line (location: source ID 25, line 75, chars 2484-2531, hits: 16)
- IC 4367 -> Item 79
- Creation code
  - Refers to item: Line (location: source ID 25, line 92, chars 3232-3277, hits: 1)
- IC 1537 -> Item 99
- Creation code
  - Refers to item: Statement (location: source ID 25, line 109, chars 3869-3895, hits: 1)
- IC 1876 -> Item 82
- Creation code
  - Refers to item: Line (location: source ID 25, line 96, chars 3405-3461, hits: 3)
- IC 1374 -> Item 102
- Creation code
  - Refers to item: Statement (location: source ID 25, line 113, chars 4041-4097, hits: 1)
- IC 1412 -> Item 104
- Creation code
  - Refers to item: Statement (location: source ID 25, line 114, chars 4108-4221, hits: 1)
- IC 1374 -> Item 101
- Creation code
  - Refers to item: Line (location: source ID 25, line 113, chars 4041-4097, hits: 1)
- IC 3578 -> Item 60
- Creation code
  - Refers to item: Statement (location: source ID 25, line 79, chars 2673-2706, hits: 16)
- IC 2071 -> Item 88
- Creation code
  - Refers to item: Line (location: source ID 25, line 98, chars 3545-3578, hits: 2)
- IC 3898 -> Item 9
- Creation code
  - Refers to item: Branch (branch: 1, path: 1) (location: source ID 25, line 32, chars 1069-1129, hits: 4)
- IC 3956 -> Item 18
- Creation code
  - Refers to item: Branch (branch: 3, path: 0) (location: source ID 25, line 42, chars 1357-1421, hits: 1)
- IC 4366 -> Item 78
- Creation code
  - Refers to item: Branch (branch: 9, path: 1) (location: source ID 25, line 90, chars 3190-3219, hits: 1)
- IC 3314 -> Item 52
- Creation code
  - Refers to item: Branch (branch: 6, path: 1) (location: source ID 25, line 75, chars 2484-2531, hits: 16)
- IC 4303 -> Item 76
- Creation code
  - Refers to item: Statement (location: source ID 25, line 90, chars 3190-3219, hits: 3)
- IC 1303 -> Item 5
- Creation code
  - Refers to item: Function "txExists" (location: source ID 25, line 31, chars 1026-1149, hits: 1)
- IC 3139 -> Item 50
- Creation code
  - Refers to item: Statement (location: source ID 25, line 75, chars 2484-2531, hits: 16)
- IC 309 -> Item 100
- Creation code
  - Refers to item: Function "getTransaction" (location: source ID 25, line 112, chars 3911-4229, hits: 1)
- IC 3606 -> Item 61
- Creation code
  - Refers to item: Line (location: source ID 25, line 81, chars 2719-2764, hits: 16)
- IC 849 -> Item 42
- Creation code
  - Refers to item: Line (location: source ID 25, line 62, chars 1956-2175, hits: 18)
- IC 839 -> Item 40
- Creation code
  - Refers to item: Line (location: source ID 25, line 60, chars 1906-1943, hits: 18)
- IC 4015 -> Item 64
- Creation code
  - Refers to item: Line (location: source ID 25, line 85, chars 2893-2949, hits: 3)
- IC 233 -> Item 39
- Creation code
  - Refers to item: Function "submitTransaction" (location: source ID 25, line 59, chars 1820-2271, hits: 20)
- IC 3101 -> Item 48
- Creation code
  - Refers to item: Statement (location: source ID 25, line 74, chars 2417-2473, hits: 16)
- IC 3414 -> Item 55
- Creation code
  - Refers to item: Branch (branch: 7, path: 0) (location: source ID 25, line 76, chars 2542-2609, hits: 0)
- IC 3826 -> Item 4
- Creation code
  - Refers to item: Branch (branch: 0, path: 1) (location: source ID 25, line 27, chars 957-998, hits: 4)
- IC 4125 -> Item 69
- Creation code
  - Refers to item: Branch (branch: 8, path: 1) (location: source ID 25, line 86, chars 2960-3059, hits: 3)
- IC 4157 -> Item 74
- Creation code
  - Refers to item: Statement (location: source ID 25, line 89, chars 3129-3179, hits: 3)
- IC 4303 -> Item 75
- Creation code
  - Refers to item: Line (location: source ID 25, line 90, chars 3190-3219, hits: 3)
- IC 1914 -> Item 84
- Creation code
  - Refers to item: Line (location: source ID 25, line 97, chars 3472-3534, hits: 3)
- IC 2099 -> Item 90
- Creation code
  - Refers to item: Line (location: source ID 25, line 99, chars 3589-3630, hits: 2)
- IC 2070 -> Item 87
- Creation code
  - Refers to item: Branch (branch: 10, path: 1) (location: source ID 25, line 97, chars 3472-3534, hits: 2)
- IC 3473 -> Item 57
- Creation code
  - Refers to item: Line (location: source ID 25, line 78, chars 2622-2662, hits: 16)
- IC 2071 -> Item 89
- Creation code
  - Refers to item: Statement (location: source ID 25, line 98, chars 3545-3578, hits: 2)
- IC 1176 -> Item 44
- Creation code
  - Refers to item: Line (location: source ID 25, line 70, chars 2188-2263, hits: 18)
- IC 849 -> Item 43
- Creation code
  - Refers to item: Statement (location: source ID 25, line 62, chars 1956-2175, hits: 18)
- IC 1761 -> Item 16
- Creation code
  - Refers to item: Line (location: source ID 25, line 42, chars 1357-1421, hits: 3)
- IC 4014 -> Item 19
- Creation code
  - Refers to item: Branch (branch: 3, path: 1) (location: source ID 25, line 42, chars 1357-1421, hits: 3)
- IC 1303 -> Item 7
- Creation code
  - Refers to item: Statement (location: source ID 25, line 32, chars 1069-1129, hits: 1)
- IC 4015 -> Item 65
- Creation code
  - Refers to item: Statement (location: source ID 25, line 85, chars 2893-2949, hits: 3)
- IC 4126 -> Item 70
- Creation code
  - Refers to item: Line (location: source ID 25, line 87, chars 3070-3097, hits: 3)
- IC 4155 -> Item 72
- Creation code
  - Refers to item: Line (location: source ID 25, line 89, chars 3110-3179, hits: 3)
- IC 1914 -> Item 85
- Creation code
  - Refers to item: Statement (location: source ID 25, line 97, chars 3472-3534, hits: 3)
- IC 2984 -> Item 14
- Creation code
  - Refers to item: Branch (branch: 2, path: 1) (location: source ID 25, line 37, chars 1210-1277, hits: 16)
- IC 4155 -> Item 73
- Creation code
  - Refers to item: Statement (location: source ID 25, line 89, chars 3110-3179, hits: 3)
- IC 2204 -> Item 93
- Creation code
  - Refers to item: Statement (location: source ID 25, line 101, chars 3643-3687, hits: 2)
- IC 519 -> Item 94
- Creation code
  - Refers to item: Function "getOwners" (location: source ID 25, line 104, chars 3703-3793, hits: 1)
- IC 391 -> Item 81
- Creation code
  - Refers to item: Function "revokeTransaction" (location: source ID 25, line 95, chars 3293-3695, hits: 3)
- IC 4126 -> Item 71
- Creation code
  - Refers to item: Statement (location: source ID 25, line 87, chars 3070-3097, hits: 3)
- IC 2827 -> Item 11
- Creation code
  - Refers to item: Line (location: source ID 25, line 37, chars 1210-1277, hits: 18)
- IC 3256 -> Item 51
- Creation code
  - Refers to item: Branch (branch: 6, path: 0) (location: source ID 25, line 75, chars 2484-2531, hits: 0)
- IC 4308 -> Item 77
- Creation code
  - Refers to item: Branch (branch: 9, path: 0) (location: source ID 25, line 90, chars 3190-3219, hits: 2)
- IC 2474 -> Item 96
- Creation code
  - Refers to item: Statement (location: source ID 25, line 105, chars 3772-3785, hits: 1)
- IC 361 -> Item 97
- Creation code
  - Refers to item: Function "getTransactionsCount" (location: source ID 25, line 108, chars 3801-3903, hits: 1)
- IC 1537 -> Item 98
- Creation code
  - Refers to item: Line (location: source ID 25, line 109, chars 3869-3895, hits: 1)
- IC 1176 -> Item 45
- Creation code
  - Refers to item: Statement (location: source ID 25, line 70, chars 2188-2263, hits: 18)
- IC 1761 -> Item 17
- Creation code
  - Refers to item: Statement (location: source ID 25, line 42, chars 1357-1421, hits: 3)
- IC 549 -> Item 46
- Creation code
  - Refers to item: Function "confirmTransaction" (location: source ID 25, line 73, chars 2279-2772, hits: 22)
- IC 1761 -> Item 15
- Creation code
  - Refers to item: Function "txNotExecuted" (location: source ID 25, line 41, chars 1305-1441, hits: 3)
- IC 3473 -> Item 58
- Creation code
  - Refers to item: Statement (location: source ID 25, line 78, chars 2622-2662, hits: 16)
- IC 4053 -> Item 66
- Creation code
  - Refers to item: Line (location: source ID 25, line 86, chars 2960-3059, hits: 3)
- IC 839 -> Item 41
- Creation code
  - Refers to item: Statement (location: source ID 25, line 60, chars 1906-1943, hits: 18)
- IC 699 -> Item 0
- Creation code
  - Refers to item: Function "onlyOwner" (location: source ID 25, line 26, chars 926-1018, hits: 20)
- IC 4067 -> Item 68
- Creation code
  - Refers to item: Branch (branch: 8, path: 0) (location: source ID 25, line 86, chars 2960-3059, hits: 0)
- IC 4367 -> Item 80
- Creation code
  - Refers to item: Statement (location: source ID 25, line 92, chars 3232-3277, hits: 1)
- IC 3578 -> Item 59
- Creation code
  - Refers to item: Line (location: source ID 25, line 79, chars 2673-2706, hits: 16)
- IC 607 -> Item 63
- Creation code
  - Refers to item: Function "executeTransaction" (location: source ID 25, line 84, chars 2780-3285, hits: 5)
- IC 3315 -> Item 53
- Creation code
  - Refers to item: Line (location: source ID 25, line 76, chars 2542-2609, hits: 16)
- IC 699 -> Item 1
- Creation code
  - Refers to item: Line (location: source ID 25, line 27, chars 957-998, hits: 20)
- IC 2827 -> Item 12
- Creation code
  - Refers to item: Statement (location: source ID 25, line 37, chars 1210-1277, hits: 18)
- IC 1303 -> Item 6
- Creation code
  - Refers to item: Line (location: source ID 25, line 32, chars 1069-1129, hits: 1)
- IC 2926 -> Item 13
- Creation code
  - Refers to item: Branch (branch: 2, path: 0) (location: source ID 25, line 37, chars 1210-1277, hits: 2)
- IC 2827 -> Item 10
- Creation code
  - Refers to item: Function "txNotConfirmed" (location: source ID 25, line 36, chars 1157-1297, hits: 18)
- IC 3101 -> Item 47
- Creation code
  - Refers to item: Line (location: source ID 25, line 74, chars 2417-2473, hits: 16)
- IC 3840 -> Item 8
- Creation code
  - Refers to item: Branch (branch: 1, path: 0) (location: source ID 25, line 32, chars 1069-1129, hits: 0)
- IC 3472 -> Item 56
- Creation code
  - Refers to item: Branch (branch: 7, path: 1) (location: source ID 25, line 76, chars 2542-2609, hits: 16)
- IC 4053 -> Item 67
- Creation code
  - Refers to item: Statement (location: source ID 25, line 86, chars 2960-3059, hits: 3)
- IC 2012 -> Item 86
- Creation code
  - Refers to item: Branch (branch: 10, path: 0) (location: source ID 25, line 97, chars 3472-3534, hits: 1)
- IC 2099 -> Item 91
- Creation code
  - Refers to item: Statement (location: source ID 25, line 99, chars 3589-3630, hits: 2)
- IC 1412 -> Item 103
- Creation code
  - Refers to item: Line (location: source ID 25, line 114, chars 4108-4221, hits: 1)

Anchors for Contract "stdMath" (solc 0.8.25+commit.b61c2a91.Linux.gcc, source ID 8):

Anchors for Contract "stdJson" (solc 0.8.25+commit.b61c2a91.Linux.gcc, source ID 7):

Anchors for Contract "console" (solc 0.8.25+commit.b61c2a91.Linux.gcc, source ID 15):

Anchors for Contract "MultiSigWalletTest" (solc 0.8.25+commit.b61c2a91.Linux.gcc, source ID 26):

Anchors for Contract "MockERC20" (solc 0.8.25+commit.b61c2a91.Linux.gcc, source ID 21):

Anchors for Contract "stdError" (solc 0.8.25+commit.b61c2a91.Linux.gcc, source ID 5):

Anchors for Contract "safeconsole" (solc 0.8.25+commit.b61c2a91.Linux.gcc, source ID 23):

Anchors for Contract "stdStorage" (solc 0.8.25+commit.b61c2a91.Linux.gcc, source ID 9):

Anchors for Contract "stdStorageSafe" (solc 0.8.25+commit.b61c2a91.Linux.gcc, source ID 9):

Anchors for Contract "StdStyle" (solc 0.8.25+commit.b61c2a91.Linux.gcc, source ID 10):

Anchors for Contract "stdToml" (solc 0.8.25+commit.b61c2a91.Linux.gcc, source ID 11):

